<?xml version="1.0" encoding="utf-8"?><testsuites name="pytest tests"><testsuite name="pytest" errors="0" failures="0" skipped="0" tests="22" time="0.318" timestamp="2026-02-18T11:43:25.578886+00:00" hostname="agent-env-776dcb62-271b-4f88-8c75-d2ca41e3f7e4"><testcase classname="backend.tests.test_telegram_intel.TestTelegramIntelHealth" name="test_health_returns_200" time="0.004" /><testcase classname="backend.tests.test_telegram_intel.TestTelegramIntelHealth" name="test_health_mode_is_live" time="0.004" /><testcase classname="backend.tests.test_telegram_intel.TestTelegramIntelHealth" name="test_health_connected_true" time="0.002" /><testcase classname="backend.tests.test_telegram_intel.TestIngestionChannel" name="test_ingest_channel_with_username" time="0.007" /><testcase classname="backend.tests.test_telegram_intel.TestIngestionChannel" name="test_ingest_channel_requires_username" time="0.002" /><testcase classname="backend.tests.test_telegram_intel.TestIngestionChannel" name="test_ingest_channel_normalizes_username" time="0.006" /><testcase classname="backend.tests.test_telegram_intel.TestChannelState" name="test_get_state_returns_cursor" time="0.004" /><testcase classname="backend.tests.test_telegram_intel.TestChannelState" name="test_get_state_includes_timestamps" time="0.005" /><testcase classname="backend.tests.test_telegram_intel.TestChannelState" name="test_get_state_nonexistent_channel" time="0.003" /><testcase classname="backend.tests.test_telegram_intel.TestMetricsPipeline" name="test_pipeline_channel_computes_metrics" time="0.017" /><testcase classname="backend.tests.test_telegram_intel.TestMetricsPipeline" name="test_pipeline_channel_requires_username" time="0.002" /><testcase classname="backend.tests.test_telegram_intel.TestWindowMetrics" name="test_get_metrics_returns_windows" time="0.002" /><testcase classname="backend.tests.test_telegram_intel.TestWindowMetrics" name="test_metrics_contains_required_fields" time="0.003" /><testcase classname="backend.tests.test_telegram_intel.TestWindowMetrics" name="test_metrics_nonexistent_channel_returns_empty" time="0.002" /><testcase classname="backend.tests.test_telegram_intel.TestFraudSignals" name="test_get_fraud_returns_signals" time="0.003" /><testcase classname="backend.tests.test_telegram_intel.TestFraudSignals" name="test_fraud_contains_signal_breakdown" time="0.006" /><testcase classname="backend.tests.test_telegram_intel.TestFraudSignals" name="test_fraud_nonexistent_channel" time="0.006" /><testcase classname="backend.tests.test_telegram_intel.TestEdgeCases" name="test_ingestion_with_empty_string" time="0.003" /><testcase classname="backend.tests.test_telegram_intel.TestEdgeCases" name="test_ingestion_with_whitespace_only" time="0.001" /><testcase classname="backend.tests.test_telegram_intel.TestEdgeCases" name="test_state_excludes_mongodb_id" time="0.002" /><testcase classname="backend.tests.test_telegram_intel.TestEdgeCases" name="test_metrics_exclude_mongodb_id" time="0.003" /><testcase classname="backend.tests.test_telegram_intel.TestEdgeCases" name="test_fraud_excludes_mongodb_id" time="0.007" /></testsuite></testsuites>