<?xml version="1.0" encoding="utf-8"?><testsuites name="pytest tests"><testsuite name="pytest" errors="0" failures="0" skipped="0" tests="17" time="4.158" timestamp="2026-02-18T15:03:52.606193+00:00" hostname="agent-env-cd8bd5b1-a739-4c31-b1a6-39a0f8908146"><testcase classname="test_network_alpha_evidence_compare.TestNetworkEvidenceEndpoint" name="test_endpoint_returns_correct_structure_with_data" time="0.224" /><testcase classname="test_network_alpha_evidence_compare.TestNetworkEvidenceEndpoint" name="test_evidence_items_have_correct_structure" time="0.153" /><testcase classname="test_network_alpha_evidence_compare.TestNetworkEvidenceEndpoint" name="test_alpha_channel_has_expected_tokens" time="0.317" /><testcase classname="test_network_alpha_evidence_compare.TestNetworkEvidenceEndpoint" name="test_empty_response_for_channel_without_evidence" time="0.149" /><testcase classname="test_network_alpha_evidence_compare.TestNetworkEvidenceEndpoint" name="test_username_normalization" time="0.239" /><testcase classname="test_network_alpha_evidence_compare.TestNetworkEvidenceEndpoint" name="test_limit_parameter" time="0.139" /><testcase classname="test_network_alpha_evidence_compare.TestComparePanelEndpoint" name="test_endpoint_returns_correct_structure" time="0.169" /><testcase classname="test_network_alpha_evidence_compare.TestComparePanelEndpoint" name="test_current_field_structure" time="0.158" /><testcase classname="test_network_alpha_evidence_compare.TestComparePanelEndpoint" name="test_position_field_structure" time="0.181" /><testcase classname="test_network_alpha_evidence_compare.TestComparePanelEndpoint" name="test_gaps_field_structure" time="0.165" /><testcase classname="test_network_alpha_evidence_compare.TestComparePanelEndpoint" name="test_neighbors_field_structure" time="0.168" /><testcase classname="test_network_alpha_evidence_compare.TestComparePanelEndpoint" name="test_peer_context_field_structure" time="0.153" /><testcase classname="test_network_alpha_evidence_compare.TestComparePanelEndpoint" name="test_alpha_channel_is_rank_1_tier_a" time="0.141" /><testcase classname="test_network_alpha_evidence_compare.TestComparePanelEndpoint" name="test_not_found_for_channel_without_ranking" time="0.229" /><testcase classname="test_network_alpha_evidence_compare.TestComparePanelEndpoint" name="test_username_normalization" time="0.213" /><testcase classname="test_network_alpha_evidence_compare.TestIntegrationBothEndpoints" name="test_both_endpoints_return_consistent_username" time="0.882" /><testcase classname="test_network_alpha_evidence_compare.TestIntegrationBothEndpoints" name="test_nonexistent_channel_both_endpoints" time="0.353" /></testsuite></testsuites>