<?xml version="1.0" encoding="utf-8"?><testsuites name="pytest tests"><testsuite name="pytest" errors="0" failures="0" skipped="2" tests="17" time="60.278" timestamp="2026-02-18T12:15:40.116840+00:00" hostname="agent-env-776dcb62-271b-4f88-8c75-d2ca41e3f7e4"><testcase classname="tests.test_alpha_price_layer.TestPriceCacheStats" name="test_price_cache_stats_returns_structure" time="0.005" /><testcase classname="tests.test_alpha_price_layer.TestEvaluationStats" name="test_evaluation_stats_returns_structure" time="0.004" /><testcase classname="tests.test_alpha_price_layer.TestCurrentPrice" name="test_get_current_price_eth_structure" time="30.031"><skipped type="pytest.skip" message="CoinGecko API unavailable or timeout: HTTPConnectionPool(host='localhost', port=8003): Read timed out. (read timeout=30)">/app/backend/tests/test_alpha_price_layer.py:123: CoinGecko API unavailable or timeout: HTTPConnectionPool(host='localhost', port=8003): Read timed out. (read timeout=30)</skipped></testcase><testcase classname="tests.test_alpha_price_layer.TestCurrentPrice" name="test_get_current_price_normalizes_token" time="30.022"><skipped type="pytest.skip" message="CoinGecko API unavailable or timeout: HTTPConnectionPool(host='localhost', port=8003): Read timed out. (read timeout=30)">/app/backend/tests/test_alpha_price_layer.py:138: CoinGecko API unavailable or timeout: HTTPConnectionPool(host='localhost', port=8003): Read timed out. (read timeout=30)</skipped></testcase><testcase classname="tests.test_alpha_price_layer.TestCurrentPrice" name="test_get_current_price_unknown_token" time="0.002" /><testcase classname="tests.test_alpha_price_layer.TestHistoricalPrice" name="test_historical_price_requires_date" time="0.001" /><testcase classname="tests.test_alpha_price_layer.TestHistoricalPrice" name="test_historical_price_invalid_date" time="0.001" /><testcase classname="tests.test_alpha_price_layer.TestHistoricalPrice" name="test_historical_price_structure" time="0.102" /><testcase classname="tests.test_alpha_price_layer.TestEvaluateBatch" name="test_evaluate_batch_returns_structure" time="0.004" /><testcase classname="tests.test_alpha_price_layer.TestEvaluateBatch" name="test_evaluate_batch_limits_input" time="0.003" /><testcase classname="tests.test_alpha_price_layer.TestEvaluateBatch" name="test_evaluate_batch_with_empty_json" time="0.003" /><testcase classname="tests.test_alpha_price_layer.TestReevaluate" name="test_reevaluate_returns_structure" time="0.003" /><testcase classname="tests.test_alpha_price_layer.TestReevaluate" name="test_reevaluate_limits_input" time="0.003" /><testcase classname="tests.test_alpha_price_layer.TestReevaluate" name="test_reevaluate_with_empty_json" time="0.002" /><testcase classname="tests.test_alpha_price_layer.TestRateLimiting" name="test_multiple_requests_dont_crash" time="0.007" /><testcase classname="tests.test_alpha_price_layer.TestErrorHandling" name="test_invalid_date_format_empty" time="0.002" /><testcase classname="tests.test_alpha_price_layer.TestErrorHandling" name="test_invalid_date_format_string_null" time="0.001" /></testsuite></testsuites>