<?xml version="1.0" encoding="utf-8"?><testsuites name="pytest tests"><testsuite name="pytest" errors="0" failures="1" skipped="0" tests="25" time="0.359" timestamp="2026-02-18T12:01:32.774882+00:00" hostname="agent-env-776dcb62-271b-4f88-8c75-d2ca41e3f7e4"><testcase classname="backend.tests.test_alpha_token_mentions.TestAlphaScanChannel" name="test_scan_channel_success" time="0.006" /><testcase classname="backend.tests.test_alpha_token_mentions.TestAlphaScanChannel" name="test_scan_channel_requires_username" time="0.003" /><testcase classname="backend.tests.test_alpha_token_mentions.TestAlphaScanChannel" name="test_scan_channel_empty_string_username" time="0.002" /><testcase classname="backend.tests.test_alpha_token_mentions.TestAlphaScanChannel" name="test_scan_channel_whitespace_username" time="0.002" /><testcase classname="backend.tests.test_alpha_token_mentions.TestAlphaScanChannel" name="test_scan_channel_normalizes_at_prefix" time="0.004" /><testcase classname="backend.tests.test_alpha_token_mentions.TestAlphaScanChannel" name="test_scan_channel_normalizes_telegram_url" time="0.007" /><testcase classname="backend.tests.test_alpha_token_mentions.TestAlphaScanChannel" name="test_scan_channel_custom_days_param" time="0.007" /><testcase classname="backend.tests.test_alpha_token_mentions.TestAlphaScanChannel" name="test_scan_channel_custom_min_confidence" time="0.004" /><testcase classname="backend.tests.test_alpha_token_mentions.TestAlphaMentions" name="test_mentions_returns_structure" time="0.002" /><testcase classname="backend.tests.test_alpha_token_mentions.TestAlphaMentions" name="test_mentions_normalizes_username" time="0.004" /><testcase classname="backend.tests.test_alpha_token_mentions.TestAlphaMentions" name="test_mentions_custom_days" time="0.004" /><testcase classname="backend.tests.test_alpha_token_mentions.TestAlphaMentions" name="test_mentions_custom_limit" time="0.003" /><testcase classname="backend.tests.test_alpha_token_mentions.TestAlphaMentions" name="test_mentions_nonexistent_channel" time="0.003" /><testcase classname="backend.tests.test_alpha_token_mentions.TestAlphaStats" name="test_stats_returns_structure" time="0.006" /><testcase classname="backend.tests.test_alpha_token_mentions.TestAlphaStats" name="test_stats_custom_days" time="0.003" /><testcase classname="backend.tests.test_alpha_token_mentions.TestAlphaBatchScan" name="test_batch_scan_success" time="0.004" /><testcase classname="backend.tests.test_alpha_token_mentions.TestAlphaBatchScan" name="test_batch_scan_requires_usernames" time="0.002" /><testcase classname="backend.tests.test_alpha_token_mentions.TestAlphaBatchScan" name="test_batch_scan_empty_array" time="0.002" /><testcase classname="backend.tests.test_alpha_token_mentions.TestAlphaBatchScan" name="test_batch_scan_normalizes_usernames" time="0.008"><failure message="AssertionError: assert 'telegram' in ['durov', 'https://t.me/telegram']">backend/tests/test_alpha_token_mentions.py:285: in test_batch_scan_normalizes_usernames
    assert "telegram" in result_usernames
E   AssertionError: assert 'telegram' in ['durov', 'https://t.me/telegram']</failure></testcase><testcase classname="backend.tests.test_alpha_token_mentions.TestAlphaBatchScan" name="test_batch_scan_limits_to_20_channels" time="0.023" /><testcase classname="backend.tests.test_alpha_token_mentions.TestAlphaBatchScan" name="test_batch_scan_handles_mixed_results" time="0.005" /><testcase classname="backend.tests.test_alpha_token_mentions.TestIdempotency" name="test_rescan_no_duplicates" time="0.007" /><testcase classname="backend.tests.test_alpha_token_mentions.TestDataValidation" name="test_mentions_excludes_mongodb_id" time="0.006" /><testcase classname="backend.tests.test_alpha_token_mentions.TestDataValidation" name="test_stats_top_tokens_structure" time="0.004" /><testcase classname="backend.tests.test_alpha_token_mentions.TestDataValidation" name="test_stats_top_channels_structure" time="0.004" /></testsuite></testsuites>