<?xml version="1.0" encoding="utf-8"?><testsuites name="pytest tests"><testsuite name="pytest" errors="0" failures="0" skipped="0" tests="11" time="2.704" timestamp="2026-02-18T14:42:36.210617+00:00" hostname="agent-env-cd8bd5b1-a739-4c31-b1a6-39a0f8908146"><testcase classname="backend.tests.test_token_mentions_api.TestChannelMentionsEndpoint" name="test_endpoint_returns_correct_structure_with_data" time="0.258" /><testcase classname="backend.tests.test_token_mentions_api.TestChannelMentionsEndpoint" name="test_endpoint_returns_empty_for_channel_without_mentions" time="0.147" /><testcase classname="backend.tests.test_token_mentions_api.TestChannelMentionsEndpoint" name="test_username_normalization" time="0.138" /><testcase classname="backend.tests.test_token_mentions_api.TestChannelMentionsEndpoint" name="test_days_parameter" time="0.297" /><testcase classname="backend.tests.test_token_mentions_api.TestChannelMentionsEndpoint" name="test_limit_parameter" time="0.180" /><testcase classname="backend.tests.test_token_mentions_api.TestChannelMentionsEndpoint" name="test_evaluated_filter" time="0.265" /><testcase classname="backend.tests.test_token_mentions_api.TestChannelMentionsEndpoint" name="test_mention_structure" time="0.182" /><testcase classname="backend.tests.test_token_mentions_api.TestChannelMentionsEndpoint" name="test_top_tokens_structure" time="0.153" /><testcase classname="backend.tests.test_token_mentions_api.TestChannelMentionsEndpoint" name="test_nonexistent_channel" time="0.152" /><testcase classname="backend.tests.test_token_mentions_api.TestChannelMentionsIntegration" name="test_beta_channel_mentions" time="0.131" /><testcase classname="backend.tests.test_token_mentions_api.TestChannelMentionsIntegration" name="test_multiple_channels_consistency" time="0.679" /></testsuite></testsuites>